<?xml version="1.0" encoding="UTF-8"?>
<!-- Generated by org.testng.reporters.JUnitReportReporter -->
<testsuite skipped="0" hostname="DESKTOP-C0ACLA8" name="com.restassured.api.Authentications.AuthApi" tests="8" failures="0" timestamp="22 Apr 2020 06:25:20 GMT" time="9.458" errors="0">
  <testcase name="OAuth2_API_Test" time="3.116" classname="com.restassured.api.Authentications.AuthApi"/>
  <testcase name="basic_authapi_test" time="0.219" classname="com.restassured.api.Authentications.AuthApi"/>
  <testcase name="OAuth_API_Test_With_AuthHeader" time="1.355" classname="com.restassured.api.Authentications.AuthApi"/>
  <testcase name="OAuth_API_WithTwoQueryParams_API_Test" time="1.507" classname="com.restassured.api.Authentications.AuthApi"/>
  <testcase name="basic_auth_Preemptive_API_Test" time="0.301" classname="com.restassured.api.Authentications.AuthApi"/>
  <testcase name="basic_auth_digest_API_Test" time="0.324" classname="com.restassured.api.Authentications.AuthApi"/>
  <testcase name="basic_auth_API_Test" time="0.648" classname="com.restassured.api.Authentications.AuthApi"/>
  <testcase name="basic_auth_form_API_Test" time="1.988" classname="com.restassured.api.Authentications.AuthApi"/>
</testsuite> <!-- com.restassured.api.Authentications.AuthApi -->
