<?xml version="1.0" encoding="UTF-8"?>
<!-- Generated by org.testng.reporters.JUnitReportReporter -->
<testsuite skipped="0" hostname="DESKTOP-C0ACLA8" name="com.restassured.api.Get.Get_BDD_RestAssured" tests="2" failures="0" timestamp="08 Mar 2020 22:54:16 GMT" time="2.776" errors="0">
  <testcase name="getApi" time="2.415" classname="com.restassured.api.Get.Get_BDD_RestAssured"/>
  <testcase name="getApiTest" time="0.361" classname="com.restassured.api.Get.Get_BDD_RestAssured"/>
</testsuite> <!-- com.restassured.api.Get.Get_BDD_RestAssured -->
